<?xml version="1.0" encoding="UTF-8"?>
<testsuite xmlns:xsi="http://www.w3.org/2001/XMLSchema-instance" xsi:noNamespaceSchemaLocation="https://maven.apache.org/surefire/maven-surefire-plugin/xsd/surefire-test-report-3.0.xsd" version="3.0" name="com.example.diagnosis.core.DiagnosisServiceTest" time="0.107" tests="14" errors="0" skipped="0" failures="0">
  <properties>
[...]
</properties>
  <testcase name="traumatologieOnly(int)[1]" classname="com.example.diagnosis.core.DiagnosisServiceTest" time="0.026"/>
  <testcase name="traumatologieOnly(int)[2]" classname="com.example.diagnosis.core.DiagnosisServiceTest" time="0.0"/>
  <testcase name="traumatologieOnly(int)[3]" classname="com.example.diagnosis.core.DiagnosisServiceTest" time="0.001"/>
  <testcase name="traumatologieOnly(int)[4]" classname="com.example.diagnosis.core.DiagnosisServiceTest" time="0.001"/>
  <testcase name="zeroEdgeCase" classname="com.example.diagnosis.core.DiagnosisServiceTest" time="0.0"/>
  <testcase name="rasWhenNone" classname="com.example.diagnosis.core.DiagnosisServiceTest" time="0.0"/>
  <testcase name="both(int)[1]" classname="com.example.diagnosis.core.DiagnosisServiceTest" time="0.001"/>
  <testcase name="both(int)[2]" classname="com.example.diagnosis.core.DiagnosisServiceTest" time="0.001"/>
  <testcase name="both(int)[3]" classname="com.example.diagnosis.core.DiagnosisServiceTest" time="0.0"/>
  <testcase name="both(int)[4]" classname="com.example.diagnosis.core.DiagnosisServiceTest" time="0.0"/>
  <testcase name="cardiologieOnly(int)[1]" classname="com.example.diagnosis.core.DiagnosisServiceTest" time="0.0"/>
  <testcase name="cardiologieOnly(int)[2]" classname="com.example.diagnosis.core.DiagnosisServiceTest" time="0.001"/>
  <testcase name="cardiologieOnly(int)[3]" classname="com.example.diagnosis.core.DiagnosisServiceTest" time="0.0"/>
  <testcase name="cardiologieOnly(int)[4]" classname="com.example.diagnosis.core.DiagnosisServiceTest" time="0.001"/>
</testsuite>